<?xml version="1.0" encoding="UTF-8"?>
<!-- Generated by org.testng.reporters.JUnitReportReporter -->
<testsuite hostname="HBADT4800457" name="com.qa.testscripts.TC4_Login" tests="1" failures="0" timestamp="27 Feb 2021 09:37:59 GMT" time="7.221" errors="0">
  <testcase name="login" time="7.221" classname="com.qa.testscripts.TC4_Login"/>
</testsuite> <!-- com.qa.testscripts.TC4_Login -->
