<?xml version="1.0" encoding="UTF-8"?>
<!-- Generated by org.testng.reporters.JUnitReportReporter -->
<testsuite hostname="HBADT4800457" name="com.qa.testscripts.TC5_ValidatingTabs" tests="2" failures="0" timestamp="27 Feb 2021 10:14:25 GMT" time="38.079" errors="0">
  <testcase name="login" time="18.800" classname="com.qa.testscripts.TC5_ValidatingTabs"/>
  <testcase name="ValidatingTab" time="19.279" classname="com.qa.testscripts.TC5_ValidatingTabs"/>
</testsuite> <!-- com.qa.testscripts.TC5_ValidatingTabs -->
