<?xml version="1.0" encoding="UTF-8"?>
<!-- Generated by org.testng.reporters.JUnitReportReporter -->
<testsuite hostname="HBADT4800457" name="com.qa.testscripts.TC3_AllFields" tests="1" failures="0" timestamp="27 Feb 2021 08:02:36 GMT" time="19.111" errors="0">
  <testcase name="Login" time="19.111" classname="com.qa.testscripts.TC3_AllFields"/>
</testsuite> <!-- com.qa.testscripts.TC3_AllFields -->
