<?xml version="1.0" encoding="UTF-8"?>
<!-- Generated by org.testng.reporters.JUnitReportReporter -->
<testsuite hostname="HBADT4800457" name="com.qa.testscripts.TC6_BeforeSuite" tests="1" failures="0" timestamp="27 Feb 2021 10:29:10 GMT" time="0.070" errors="0">
  <testcase name="TestURL" time="0.070" classname="com.qa.testscripts.TC6_BeforeSuite"/>
</testsuite> <!-- com.qa.testscripts.TC6_BeforeSuite -->
