<?xml version="1.0" encoding="UTF-8"?>
<!-- Generated by org.testng.reporters.JUnitReportReporter -->
<testsuite hostname="HBADT4800457" name="com.qa.testscripts.TC8_ValidateAllTabs" tests="6" failures="0" timestamp="27 Feb 2021 11:13:33 GMT" time="57.790" errors="0">
  <testcase name="LeaveTab" time="7.024" classname="com.qa.testscripts.TC8_ValidateAllTabs"/>
  <testcase name="ValidatingAdminTab" time="9.245" classname="com.qa.testscripts.TC8_ValidateAllTabs"/>
  <testcase name="Miantenance" time="4.514" classname="com.qa.testscripts.TC8_ValidateAllTabs"/>
  <testcase name="login" time="18.184" classname="com.qa.testscripts.TC8_ValidateAllTabs"/>
  <testcase name="PIMTab" time="5.853" classname="com.qa.testscripts.TC8_ValidateAllTabs"/>
  <testcase name="Directory" time="12.970" classname="com.qa.testscripts.TC8_ValidateAllTabs"/>
</testsuite> <!-- com.qa.testscripts.TC8_ValidateAllTabs -->
