<?xml version="1.0" encoding="UTF-8"?>
<!-- Generated by org.testng.reporters.JUnitReportReporter -->
<testsuite hostname="HBADT4800457" name="com.qa.testscripts.TC7_LoginUsingTest" tests="1" failures="0" timestamp="27 Feb 2021 10:33:25 GMT" time="18.308" errors="0">
  <testcase name="login" time="18.308" classname="com.qa.testscripts.TC7_LoginUsingTest"/>
</testsuite> <!-- com.qa.testscripts.TC7_LoginUsingTest -->
