<?xml version="1.0" encoding="UTF-8"?>
<!-- Generated by org.testng.reporters.JUnitReportReporter -->
<testsuite hostname="HBADT4800457" name="com.qa.testscripts.TC15_XpathHigliter" tests="1" failures="0" timestamp="3 Mar 2021 16:45:37 GMT" time="19.453" errors="0">
  <testcase name="highlighterElement" time="19.453" classname="com.qa.testscripts.TC15_XpathHigliter"/>
</testsuite> <!-- com.qa.testscripts.TC15_XpathHigliter -->
