<?xml version="1.0" encoding="UTF-8"?>
<!-- Generated by org.testng.reporters.JUnitReportReporter -->
<testsuite hostname="HBADT4800457" name="com.qa.testscripts.TC14_HighlitFields" tests="1" failures="0" timestamp="3 Mar 2021 12:50:07 GMT" time="20.273" errors="0">
  <testcase name="highlighterElement" time="20.273" classname="com.qa.testscripts.TC14_HighlitFields"/>
</testsuite> <!-- com.qa.testscripts.TC14_HighlitFields -->
